{"/home/khantzen/src/vue-js/skulltracker/src/core/Region.ts": {"path":"/home/khantzen/src/vue-js/skulltracker/src/core/Region.ts","statementMap":{"0":{"start":{"line":1,"column":0},"end":{"line":1,"column":null}},"1":{"start":{"line":2,"column":4},"end":{"line":2,"column":null}},"2":{"start":{"line":3,"column":4},"end":{"line":3,"column":null}},"3":{"start":{"line":4,"column":4},"end":{"line":4,"column":null}},"4":{"start":{"line":5,"column":4},"end":{"line":5,"column":null}}},"fnMap":{"0":{"name":"(anonymous_0)","decl":{"start":{"line":1,"column":0},"end":{"line":1,"column":12}},"loc":{"start":{"line":1,"column":18},"end":{"line":8,"column":1}}}},"branchMap":{"0":{"loc":{"start":{"line":1,"column":12},"end":{"line":1,"column":18}},"type":"binary-expr","locations":[{"start":{"line":1,"column":12},"end":{"line":1,"column":18}},{"start":{"line":1,"column":12},"end":{"line":1,"column":null}}]}},"s":{"0":1,"1":1,"2":1,"3":1,"4":1},"f":{"0":1},"b":{"0":[1,1]}}
,"/home/khantzen/src/vue-js/skulltracker/src/core/Token.ts": {"path":"/home/khantzen/src/vue-js/skulltracker/src/core/Token.ts","statementMap":{"0":{"start":{"line":2,"column":0},"end":{"line":2,"column":38}},"1":{"start":{"line":3,"column":0},"end":{"line":3,"column":32}},"2":{"start":{"line":19,"column":8},"end":{"line":19,"column":21}},"3":{"start":{"line":20,"column":8},"end":{"line":20,"column":37}},"4":{"start":{"line":21,"column":8},"end":{"line":21,"column":45}},"5":{"start":{"line":22,"column":8},"end":{"line":22,"column":35}},"6":{"start":{"line":23,"column":8},"end":{"line":23,"column":29}},"7":{"start":{"line":5,"column":0},"end":{"line":5,"column":13}}},"fnMap":{"0":{"name":"(anonymous_0)","decl":{"start":{"line":12,"column":4},"end":{"line":12,"column":null}},"loc":{"start":{"line":17,"column":41},"end":{"line":24,"column":5}}}},"branchMap":{"0":{"loc":{"start":{"line":14,"column":38},"end":{"line":14,"column":40}},"type":"default-arg","locations":[{"start":{"line":14,"column":38},"end":{"line":14,"column":40}}]},"1":{"loc":{"start":{"line":15,"column":42},"end":{"line":15,"column":44}},"type":"default-arg","locations":[{"start":{"line":15,"column":42},"end":{"line":15,"column":44}}]},"2":{"loc":{"start":{"line":16,"column":31},"end":{"line":16,"column":50}},"type":"default-arg","locations":[{"start":{"line":16,"column":31},"end":{"line":16,"column":50}}]},"3":{"loc":{"start":{"line":17,"column":25},"end":{"line":17,"column":41}},"type":"default-arg","locations":[{"start":{"line":17,"column":25},"end":{"line":17,"column":41}}]}},"s":{"0":1,"1":1,"2":10,"3":10,"4":10,"5":10,"6":10,"7":1},"f":{"0":10},"b":{"0":[0],"1":[0],"2":[0],"3":[6]}}
,"/home/khantzen/src/vue-js/skulltracker/src/core/TokenList.ts": {"path":"/home/khantzen/src/vue-js/skulltracker/src/core/TokenList.ts","statementMap":{"0":{"start":{"line":3,"column":0},"end":{"line":3,"column":38}},"1":{"start":{"line":14,"column":4},"end":{"line":14,"column":null}},"2":{"start":{"line":14,"column":31},"end":{"line":14,"column":69}},"3":{"start":{"line":16,"column":4},"end":{"line":16,"column":37}},"4":{"start":{"line":16,"column":18},"end":{"line":16,"column":36}},"5":{"start":{"line":17,"column":4},"end":{"line":17,"column":null}},"6":{"start":{"line":17,"column":28},"end":{"line":17,"column":46}},"7":{"start":{"line":19,"column":4},"end":{"line":24,"column":null}},"8":{"start":{"line":20,"column":8},"end":{"line":23,"column":null}},"9":{"start":{"line":22,"column":35},"end":{"line":22,"column":82}},"10":{"start":{"line":23,"column":35},"end":{"line":23,"column":78}},"11":{"start":{"line":26,"column":4},"end":{"line":26,"column":null}},"12":{"start":{"line":26,"column":31},"end":{"line":26,"column":80}},"13":{"start":{"line":27,"column":4},"end":{"line":27,"column":null}},"14":{"start":{"line":27,"column":29},"end":{"line":27,"column":76}},"15":{"start":{"line":28,"column":4},"end":{"line":28,"column":null}},"16":{"start":{"line":28,"column":38},"end":{"line":28,"column":107}},"17":{"start":{"line":28,"column":82},"end":{"line":28,"column":105}},"18":{"start":{"line":30,"column":12},"end":{"line":31,"column":53}},"19":{"start":{"line":30,"column":44},"end":{"line":31,"column":52}},"20":{"start":{"line":31,"column":27},"end":{"line":31,"column":51}},"21":{"start":{"line":10,"column":8},"end":{"line":10,"column":null}},"22":{"start":{"line":6,"column":0},"end":{"line":6,"column":13}},"23":{"start":{"line":13,"column":11},"end":{"line":13,"column":null}},"24":{"start":{"line":13,"column":25},"end":{"line":13,"column":42}}},"fnMap":{"0":{"name":"(anonymous_0)","decl":{"start":{"line":9,"column":4},"end":{"line":9,"column":16}},"loc":{"start":{"line":9,"column":31},"end":{"line":11,"column":5}}},"1":{"name":"(anonymous_1)","decl":{"start":{"line":14,"column":13},"end":{"line":14,"column":14}},"loc":{"start":{"line":14,"column":31},"end":{"line":14,"column":69}}},"2":{"name":"(anonymous_2)","decl":{"start":{"line":16,"column":12},"end":{"line":16,"column":15}},"loc":{"start":{"line":16,"column":18},"end":{"line":16,"column":36}}},"3":{"name":"(anonymous_3)","decl":{"start":{"line":17,"column":9},"end":{"line":17,"column":10}},"loc":{"start":{"line":17,"column":28},"end":{"line":17,"column":46}}},"4":{"name":"(anonymous_4)","decl":{"start":{"line":19,"column":26},"end":{"line":19,"column":27}},"loc":{"start":{"line":20,"column":8},"end":{"line":23,"column":null}}},"5":{"name":"(anonymous_5)","decl":{"start":{"line":22,"column":24},"end":{"line":22,"column":25}},"loc":{"start":{"line":22,"column":35},"end":{"line":22,"column":82}}},"6":{"name":"(anonymous_6)","decl":{"start":{"line":23,"column":24},"end":{"line":23,"column":25}},"loc":{"start":{"line":23,"column":35},"end":{"line":23,"column":78}}},"7":{"name":"(anonymous_7)","decl":{"start":{"line":26,"column":25},"end":{"line":26,"column":28}},"loc":{"start":{"line":26,"column":31},"end":{"line":26,"column":80}}},"8":{"name":"(anonymous_8)","decl":{"start":{"line":27,"column":23},"end":{"line":27,"column":26}},"loc":{"start":{"line":27,"column":29},"end":{"line":27,"column":76}}},"9":{"name":"(anonymous_9)","decl":{"start":{"line":28,"column":18},"end":{"line":28,"column":19}},"loc":{"start":{"line":28,"column":38},"end":{"line":28,"column":107}}},"10":{"name":"(anonymous_10)","decl":{"start":{"line":28,"column":71},"end":{"line":28,"column":72}},"loc":{"start":{"line":28,"column":82},"end":{"line":28,"column":105}}},"11":{"name":"(anonymous_11)","decl":{"start":{"line":30,"column":23},"end":{"line":30,"column":24}},"loc":{"start":{"line":30,"column":44},"end":{"line":31,"column":52}}},"12":{"name":"(anonymous_12)","decl":{"start":{"line":31,"column":16},"end":{"line":31,"column":17}},"loc":{"start":{"line":31,"column":27},"end":{"line":31,"column":51}}},"13":{"name":"(anonymous_13)","decl":{"start":{"line":13,"column":19},"end":{"line":13,"column":22}},"loc":{"start":{"line":13,"column":25},"end":{"line":13,"column":42}}}},"branchMap":{},"s":{"0":1,"1":16,"2":10,"3":16,"4":4,"5":16,"6":0,"7":16,"8":0,"9":0,"10":0,"11":16,"12":1,"13":16,"14":1,"15":16,"16":2,"17":8,"18":16,"19":2,"20":12,"21":16,"22":1,"23":1,"24":2},"f":{"0":16,"1":10,"2":4,"3":0,"4":0,"5":0,"6":0,"7":1,"8":1,"9":2,"10":8,"11":2,"12":12,"13":2},"b":{}}
,"/home/khantzen/src/vue-js/skulltracker/src/core/TokenType.ts": {"path":"/home/khantzen/src/vue-js/skulltracker/src/core/TokenType.ts","statementMap":{"0":{"start":{"line":1,"column":0},"end":{"line":1,"column":null}},"1":{"start":{"line":2,"column":4},"end":{"line":2,"column":29}},"2":{"start":{"line":2,"column":29},"end":{"line":2,"column":50}},"3":{"start":{"line":2,"column":50},"end":{"line":2,"column":null}}},"fnMap":{"0":{"name":"(anonymous_0)","decl":{"start":{"line":1,"column":0},"end":{"line":1,"column":12}},"loc":{"start":{"line":1,"column":21},"end":{"line":3,"column":1}}}},"branchMap":{"0":{"loc":{"start":{"line":1,"column":12},"end":{"line":1,"column":21}},"type":"binary-expr","locations":[{"start":{"line":1,"column":12},"end":{"line":1,"column":21}},{"start":{"line":1,"column":12},"end":{"line":1,"column":null}}]}},"s":{"0":1,"1":1,"2":1,"3":1},"f":{"0":1},"b":{"0":[1,1]}}
}
